{
  "stats": {
    "suites": 2,
    "tests": 3,
    "passes": 3,
    "pending": 0,
    "failures": 0,
    "start": "2023-06-16T15:43:47.613Z",
    "end": "2023-06-16T15:44:23.304Z",
    "duration": 35691,
    "testsRegistered": 7,
    "passPercent": 42.857142857142854,
    "pendingPercent": 0,
    "other": 1,
    "hasOther": true,
    "skipped": 4,
    "hasSkipped": true
  },
  "results": [
    {
      "uuid": "1f94aa09-3c8b-46a0-a306-004bd0c86411",
      "title": "",
      "fullFile": "",
      "file": "",
      "beforeHooks": [],
      "afterHooks": [],
      "tests": [],
      "suites": [
        {
          "uuid": "94336603-7a0f-47e9-a06a-d339dd73877f",
          "title": "Login",
          "fullFile": "/Users/fernandatmarques/qazando-automation/features/Login.feature",
          "file": "/features/Login.feature",
          "beforeHooks": [
            {
              "title": "\"before all\" hook: codeceptjs.beforeSuite in \"Login\"",
              "fullTitle": "Login \"before all\" hook: codeceptjs.beforeSuite in \"Login\"",
              "timedOut": false,
              "duration": 0,
              "state": null,
              "speed": null,
              "pass": false,
              "fail": false,
              "pending": false,
              "context": null,
              "code": "scenario.suiteSetup(suite)",
              "err": {},
              "uuid": "daeed6c3-a564-4e0c-8340-539bc76f4423",
              "parentUUID": "94336603-7a0f-47e9-a06a-d339dd73877f",
              "isHook": true,
              "skipped": false
            },
            {
              "title": "\"before each\" hook: codeceptjs.before in \"Login\"",
              "fullTitle": "Login \"before each\" hook: codeceptjs.before in \"Login\"",
              "timedOut": false,
              "duration": 3561,
              "state": null,
              "speed": null,
              "pass": false,
              "fail": false,
              "pending": false,
              "context": null,
              "code": "scenario.setup(suite)",
              "err": {},
              "uuid": "3f50a459-f0b9-45db-b98e-71c8a96fdf33",
              "parentUUID": "94336603-7a0f-47e9-a06a-d339dd73877f",
              "isHook": true,
              "skipped": false
            }
          ],
          "afterHooks": [
            {
              "title": "\"after all\" hook: codeceptjs.afterSuite in \"Login\"",
              "fullTitle": "Login \"after all\" hook: codeceptjs.afterSuite in \"Login\"",
              "timedOut": false,
              "duration": 0,
              "state": null,
              "speed": null,
              "pass": false,
              "fail": false,
              "pending": false,
              "context": null,
              "code": "scenario.suiteTeardown(suite)",
              "err": {},
              "uuid": "a23aca1b-3c88-41e2-a858-16536832cf27",
              "parentUUID": "94336603-7a0f-47e9-a06a-d339dd73877f",
              "isHook": true,
              "skipped": false
            },
            {
              "title": "\"after each\" hook: codeceptjs.after in \"Login\"",
              "fullTitle": "Login \"after each\" hook: codeceptjs.after in \"Login\"",
              "timedOut": false,
              "duration": 150,
              "state": null,
              "speed": null,
              "pass": false,
              "fail": false,
              "pending": false,
              "context": null,
              "code": "scenario.teardown(suite)",
              "err": {},
              "uuid": "e8ac47a1-8da3-4ef9-a785-539a0d22aad5",
              "parentUUID": "94336603-7a0f-47e9-a06a-d339dd73877f",
              "isHook": true,
              "skipped": false
            }
          ],
          "tests": [
            {
              "title": "Login com sucesso @Login",
              "fullTitle": "Login Login com sucesso @Login",
              "timedOut": false,
              "duration": 8588,
              "state": "passed",
              "speed": "slow",
              "pass": true,
              "fail": false,
              "pending": false,
              "context": null,
              "code": "runSteps(child.steps)",
              "err": {},
              "uuid": "45b3fc29-38d7-4146-9bb7-caa34e56dc2e",
              "parentUUID": "94336603-7a0f-47e9-a06a-d339dd73877f",
              "isHook": false,
              "skipped": false
            },
            {
              "title": "Login com com email errado @ErroNoLogin",
              "fullTitle": "Login Login com com email errado @ErroNoLogin",
              "timedOut": false,
              "duration": 6250,
              "state": "passed",
              "speed": "slow",
              "pass": true,
              "fail": false,
              "pending": false,
              "context": null,
              "code": "runSteps(child.steps)",
              "err": {},
              "uuid": "5e63bc6b-da97-4758-977f-22cd448d9779",
              "parentUUID": "94336603-7a0f-47e9-a06a-d339dd73877f",
              "isHook": false,
              "skipped": false
            },
            {
              "title": "Login com com senha errada @ErroNoLogin",
              "fullTitle": "Login Login com com senha errada @ErroNoLogin",
              "timedOut": false,
              "duration": 5710,
              "state": "passed",
              "speed": "slow",
              "pass": true,
              "fail": false,
              "pending": false,
              "context": null,
              "code": "runSteps(child.steps)",
              "err": {},
              "uuid": "f160fe1b-5090-4e4f-be3a-c5ae1299b838",
              "parentUUID": "94336603-7a0f-47e9-a06a-d339dd73877f",
              "isHook": false,
              "skipped": false
            }
          ],
          "suites": [],
          "passes": [
            "45b3fc29-38d7-4146-9bb7-caa34e56dc2e",
            "5e63bc6b-da97-4758-977f-22cd448d9779",
            "f160fe1b-5090-4e4f-be3a-c5ae1299b838"
          ],
          "failures": [],
          "pending": [],
          "skipped": [],
          "duration": 20548,
          "root": false,
          "rootEmpty": false,
          "_timeout": 0
        },
        {
          "uuid": "d1b179f5-223a-4ca5-9536-cfdaa7ae3760",
          "title": "Cadastro de Aluno",
          "fullFile": "/Users/fernandatmarques/qazando-automation/features/Register.feature",
          "file": "/features/Register.feature",
          "beforeHooks": [
            {
              "title": "\"before all\" hook: codeceptjs.beforeSuite in \"Cadastro de Aluno\"",
              "fullTitle": "Cadastro de Aluno \"before all\" hook: codeceptjs.beforeSuite in \"Cadastro de Aluno\"",
              "timedOut": false,
              "duration": 0,
              "state": null,
              "speed": null,
              "pass": false,
              "fail": false,
              "pending": false,
              "context": null,
              "code": "scenario.suiteSetup(suite)",
              "err": {},
              "uuid": "dc461807-cda8-43c2-b364-4031b9ec4172",
              "parentUUID": "d1b179f5-223a-4ca5-9536-cfdaa7ae3760",
              "isHook": true,
              "skipped": false
            },
            {
              "title": "\"before each\" hook: codeceptjs.before in \"Cadastro de Aluno\"",
              "fullTitle": "Cadastro de Aluno \"before each\" hook: codeceptjs.before in \"Cadastro de Aluno\"",
              "timedOut": false,
              "duration": 3595,
              "state": null,
              "speed": null,
              "pass": false,
              "fail": false,
              "pending": false,
              "context": null,
              "code": "scenario.setup(suite)",
              "err": {},
              "uuid": "2eacd5f4-e4a4-41b7-9810-cc44c9febfb6",
              "parentUUID": "d1b179f5-223a-4ca5-9536-cfdaa7ae3760",
              "isHook": true,
              "skipped": false
            },
            {
              "title": "\"before each\" hook: Before for \"Cadastro com sucesso @cadastro\"",
              "fullTitle": "Cadastro de Aluno \"before each\" hook: Before for \"Cadastro com sucesso @cadastro\"",
              "timedOut": false,
              "duration": 233,
              "state": "failed",
              "speed": null,
              "pass": false,
              "fail": true,
              "pending": false,
              "context": null,
              "code": "runSteps(child.steps)",
              "err": {
                "message": "Error: No steps matching \"que o usuário esteja logado na aplicação\"",
                "estack": "Error: No steps matching \"que o usuário esteja logado na aplicação\"\n    at matchStep (node_modules/codeceptjs/lib/interfaces/bdd.js:50:9)\n    at runSteps (node_modules/codeceptjs/lib/interfaces/gherkin.js:48:18)\n    at Context.<anonymous> (node_modules/codeceptjs/lib/interfaces/gherkin.js:78:64)\n    at Context.<anonymous> (node_modules/codeceptjs/lib/scenario.js:137:10)",
                "diff": null
              },
              "uuid": "39b14511-a2f7-4248-b97b-1afa8f47a56a",
              "parentUUID": "d1b179f5-223a-4ca5-9536-cfdaa7ae3760",
              "isHook": true,
              "skipped": false
            }
          ],
          "afterHooks": [
            {
              "title": "\"after all\" hook: codeceptjs.afterSuite in \"Cadastro de Aluno\"",
              "fullTitle": "Cadastro de Aluno \"after all\" hook: codeceptjs.afterSuite in \"Cadastro de Aluno\"",
              "timedOut": false,
              "duration": 0,
              "state": null,
              "speed": null,
              "pass": false,
              "fail": false,
              "pending": false,
              "context": null,
              "code": "scenario.suiteTeardown(suite)",
              "err": {},
              "uuid": "7ff5fd3d-8b40-4c0b-9d45-efb1c394c69a",
              "parentUUID": "d1b179f5-223a-4ca5-9536-cfdaa7ae3760",
              "isHook": true,
              "skipped": false
            },
            {
              "title": "\"after each\" hook: codeceptjs.after in \"Cadastro de Aluno\"",
              "fullTitle": "Cadastro de Aluno \"after each\" hook: codeceptjs.after in \"Cadastro de Aluno\"",
              "timedOut": false,
              "duration": 96,
              "state": null,
              "speed": null,
              "pass": false,
              "fail": false,
              "pending": false,
              "context": null,
              "code": "scenario.teardown(suite)",
              "err": {},
              "uuid": "194544a7-b90a-43db-9f49-79e77da9ebf3",
              "parentUUID": "d1b179f5-223a-4ca5-9536-cfdaa7ae3760",
              "isHook": true,
              "skipped": false
            }
          ],
          "tests": [
            {
              "title": "Cadastro com sucesso @cadastro",
              "fullTitle": "Cadastro de Aluno Cadastro com sucesso @cadastro",
              "timedOut": false,
              "duration": 0,
              "state": null,
              "speed": null,
              "pass": false,
              "fail": false,
              "pending": false,
              "context": null,
              "code": "runSteps(child.steps)",
              "err": {},
              "uuid": "3a0cf30f-2844-42a0-8b98-88c60db07838",
              "parentUUID": "d1b179f5-223a-4ca5-9536-cfdaa7ae3760",
              "isHook": false,
              "skipped": true
            },
            {
              "title": "Cadastro sem preencher o código do aluno",
              "fullTitle": "Cadastro de Aluno Cadastro sem preencher o código do aluno",
              "timedOut": false,
              "duration": 0,
              "state": null,
              "speed": null,
              "pass": false,
              "fail": false,
              "pending": false,
              "context": null,
              "code": "runSteps(child.steps)",
              "err": {},
              "uuid": "33ef7279-570f-466a-81e6-241aa96707aa",
              "parentUUID": "d1b179f5-223a-4ca5-9536-cfdaa7ae3760",
              "isHook": false,
              "skipped": true
            },
            {
              "title": "Cadastro sem preencher o nome do aluno",
              "fullTitle": "Cadastro de Aluno Cadastro sem preencher o nome do aluno",
              "timedOut": false,
              "duration": 0,
              "state": null,
              "speed": null,
              "pass": false,
              "fail": false,
              "pending": false,
              "context": null,
              "code": "runSteps(child.steps)",
              "err": {},
              "uuid": "24d358d3-7769-4ef1-81d2-ad6f9a71e1b0",
              "parentUUID": "d1b179f5-223a-4ca5-9536-cfdaa7ae3760",
              "isHook": false,
              "skipped": true
            },
            {
              "title": "Cancelar o cadastro de um aluno",
              "fullTitle": "Cadastro de Aluno Cancelar o cadastro de um aluno",
              "timedOut": false,
              "duration": 0,
              "state": null,
              "speed": null,
              "pass": false,
              "fail": false,
              "pending": false,
              "context": null,
              "code": "runSteps(child.steps)",
              "err": {},
              "uuid": "b06e353f-0e8d-4190-994c-76685912dcaa",
              "parentUUID": "d1b179f5-223a-4ca5-9536-cfdaa7ae3760",
              "isHook": false,
              "skipped": true
            }
          ],
          "suites": [],
          "passes": [],
          "failures": [],
          "pending": [],
          "skipped": [
            "3a0cf30f-2844-42a0-8b98-88c60db07838",
            "33ef7279-570f-466a-81e6-241aa96707aa",
            "24d358d3-7769-4ef1-81d2-ad6f9a71e1b0",
            "b06e353f-0e8d-4190-994c-76685912dcaa"
          ],
          "duration": 0,
          "root": false,
          "rootEmpty": false,
          "_timeout": 0
        }
      ],
      "passes": [],
      "failures": [],
      "pending": [],
      "skipped": [],
      "duration": 0,
      "root": true,
      "rootEmpty": true,
      "_timeout": 0
    }
  ],
  "meta": {
    "mocha": {
      "version": "10.0.0"
    },
    "mochawesome": {
      "options": {
        "quiet": false,
        "reportFilename": "mochawesome",
        "saveHtml": true,
        "saveJson": true,
        "consoleReporter": "spec",
        "useInlineDiffs": false,
        "code": true
      },
      "version": "7.1.3"
    },
    "marge": {
      "options": {},
      "version": "6.2.0"
    }
  }
}