{
  "stats": {
    "suites": 2,
    "tests": 7,
    "passes": 5,
    "pending": 0,
    "failures": 2,
    "start": "2023-06-19T17:37:27.280Z",
    "end": "2023-06-19T17:38:50.529Z",
    "duration": 83249,
    "testsRegistered": 7,
    "passPercent": 71.42857142857143,
    "pendingPercent": 0,
    "other": 0,
    "hasOther": false,
    "skipped": 0,
    "hasSkipped": false
  },
  "results": [
    {
      "uuid": "8bd14cbd-1cde-448d-923e-da72a384ad57",
      "title": "",
      "fullFile": "",
      "file": "",
      "beforeHooks": [],
      "afterHooks": [],
      "tests": [],
      "suites": [
        {
          "uuid": "cfbae4d4-7ba5-4b31-ae1a-dc1371aebc75",
          "title": "Login",
          "fullFile": "/Users/fernandatmarques/qazando-automation/features/Login.feature",
          "file": "/features/Login.feature",
          "beforeHooks": [
            {
              "title": "\"before all\" hook: codeceptjs.beforeSuite in \"Login\"",
              "fullTitle": "Login \"before all\" hook: codeceptjs.beforeSuite in \"Login\"",
              "timedOut": false,
              "duration": 0,
              "state": null,
              "speed": null,
              "pass": false,
              "fail": false,
              "pending": false,
              "context": null,
              "code": "scenario.suiteSetup(suite)",
              "err": {},
              "uuid": "fb11efe5-9235-40c5-b8ef-cbbfd4474eeb",
              "parentUUID": "cfbae4d4-7ba5-4b31-ae1a-dc1371aebc75",
              "isHook": true,
              "skipped": false
            },
            {
              "title": "\"before each\" hook: codeceptjs.before in \"Login\"",
              "fullTitle": "Login \"before each\" hook: codeceptjs.before in \"Login\"",
              "timedOut": false,
              "duration": 3481,
              "state": null,
              "speed": null,
              "pass": false,
              "fail": false,
              "pending": false,
              "context": null,
              "code": "scenario.setup(suite)",
              "err": {},
              "uuid": "4d487dc0-5b0a-4264-94bc-6cf51f7826ae",
              "parentUUID": "cfbae4d4-7ba5-4b31-ae1a-dc1371aebc75",
              "isHook": true,
              "skipped": false
            }
          ],
          "afterHooks": [
            {
              "title": "\"after all\" hook: codeceptjs.afterSuite in \"Login\"",
              "fullTitle": "Login \"after all\" hook: codeceptjs.afterSuite in \"Login\"",
              "timedOut": false,
              "duration": 0,
              "state": null,
              "speed": null,
              "pass": false,
              "fail": false,
              "pending": false,
              "context": null,
              "code": "scenario.suiteTeardown(suite)",
              "err": {},
              "uuid": "d52f4e5f-c1f6-46d8-baa5-506be721370e",
              "parentUUID": "cfbae4d4-7ba5-4b31-ae1a-dc1371aebc75",
              "isHook": true,
              "skipped": false
            },
            {
              "title": "\"after each\" hook: codeceptjs.after in \"Login\"",
              "fullTitle": "Login \"after each\" hook: codeceptjs.after in \"Login\"",
              "timedOut": false,
              "duration": 188,
              "state": null,
              "speed": null,
              "pass": false,
              "fail": false,
              "pending": false,
              "context": null,
              "code": "scenario.teardown(suite)",
              "err": {},
              "uuid": "782a1d14-52c5-4786-a5da-24d08118eb15",
              "parentUUID": "cfbae4d4-7ba5-4b31-ae1a-dc1371aebc75",
              "isHook": true,
              "skipped": false
            }
          ],
          "tests": [
            {
              "title": "Login com sucesso @Login",
              "fullTitle": "Login Login com sucesso @Login",
              "timedOut": false,
              "duration": 1994,
              "state": "failed",
              "speed": null,
              "pass": false,
              "fail": true,
              "pending": false,
              "context": null,
              "code": "runSteps(child.steps)",
              "err": {
                "message": "Error: Element \"~email\" was not found by text|CSS|XPath",
                "estack": "Error: Element \"~email\" was not found by text|CSS|XPath\n    at new ElementNotFound (node_modules/codeceptjs/lib/helper/errors/ElementNotFound.js:14:11)\n    at assertElementExists (node_modules/codeceptjs/lib/helper/WebDriver.js:2827:11)\n    at Appium.seeElement (node_modules/codeceptjs/lib/helper/WebDriver.js:1372:5)\n    at process.processTicksAndRejections (node:internal/process/task_queues:95:5)",
                "diff": null
              },
              "uuid": "da72a1dc-b879-4b82-8692-5b9066ce9c16",
              "parentUUID": "cfbae4d4-7ba5-4b31-ae1a-dc1371aebc75",
              "isHook": false,
              "skipped": false
            },
            {
              "title": "Login com com email errado @ErroNoLogin",
              "fullTitle": "Login Login com com email errado @ErroNoLogin",
              "timedOut": false,
              "duration": 6766,
              "state": "passed",
              "speed": "slow",
              "pass": true,
              "fail": false,
              "pending": false,
              "context": null,
              "code": "runSteps(child.steps)",
              "err": {},
              "uuid": "eaf41b14-fbbc-4dfb-8115-997a98ad1aa1",
              "parentUUID": "cfbae4d4-7ba5-4b31-ae1a-dc1371aebc75",
              "isHook": false,
              "skipped": false
            },
            {
              "title": "Login com com senha errada @ErroNoLogin",
              "fullTitle": "Login Login com com senha errada @ErroNoLogin",
              "timedOut": false,
              "duration": 6234,
              "state": "passed",
              "speed": "slow",
              "pass": true,
              "fail": false,
              "pending": false,
              "context": null,
              "code": "runSteps(child.steps)",
              "err": {},
              "uuid": "77d6995f-f0e6-4085-ada5-e8f3ce110ae9",
              "parentUUID": "cfbae4d4-7ba5-4b31-ae1a-dc1371aebc75",
              "isHook": false,
              "skipped": false
            }
          ],
          "suites": [],
          "passes": [
            "eaf41b14-fbbc-4dfb-8115-997a98ad1aa1",
            "77d6995f-f0e6-4085-ada5-e8f3ce110ae9"
          ],
          "failures": [
            "da72a1dc-b879-4b82-8692-5b9066ce9c16"
          ],
          "pending": [],
          "skipped": [],
          "duration": 14994,
          "root": false,
          "rootEmpty": false,
          "_timeout": 0
        },
        {
          "uuid": "a265e974-2c77-412f-98f4-23f682cb9d26",
          "title": "Cadastro de Aluno @Registration",
          "fullFile": "/Users/fernandatmarques/qazando-automation/features/Register.feature",
          "file": "/features/Register.feature",
          "beforeHooks": [
            {
              "title": "\"before all\" hook: codeceptjs.beforeSuite in \"Cadastro de Aluno @Registration\"",
              "fullTitle": "Cadastro de Aluno @Registration \"before all\" hook: codeceptjs.beforeSuite in \"Cadastro de Aluno @Registration\"",
              "timedOut": false,
              "duration": 0,
              "state": null,
              "speed": null,
              "pass": false,
              "fail": false,
              "pending": false,
              "context": null,
              "code": "scenario.suiteSetup(suite)",
              "err": {},
              "uuid": "cae19e0a-a28b-4924-a43c-8e499a8adb98",
              "parentUUID": "a265e974-2c77-412f-98f4-23f682cb9d26",
              "isHook": true,
              "skipped": false
            },
            {
              "title": "\"before each\" hook: codeceptjs.before in \"Cadastro de Aluno @Registration\"",
              "fullTitle": "Cadastro de Aluno @Registration \"before each\" hook: codeceptjs.before in \"Cadastro de Aluno @Registration\"",
              "timedOut": false,
              "duration": 3541,
              "state": null,
              "speed": null,
              "pass": false,
              "fail": false,
              "pending": false,
              "context": null,
              "code": "scenario.setup(suite)",
              "err": {},
              "uuid": "c635b727-ac62-4512-a7e5-1c1c1f13801e",
              "parentUUID": "a265e974-2c77-412f-98f4-23f682cb9d26",
              "isHook": true,
              "skipped": false
            },
            {
              "title": "\"before each\" hook: Before in \"Cadastro de Aluno @Registration\"",
              "fullTitle": "Cadastro de Aluno @Registration \"before each\" hook: Before in \"Cadastro de Aluno @Registration\"",
              "timedOut": false,
              "duration": 4157,
              "state": null,
              "speed": null,
              "pass": false,
              "fail": false,
              "pending": false,
              "context": null,
              "code": "runSteps(child.steps)",
              "err": {},
              "uuid": "f602d70f-74d1-44d4-85f2-90e53a6310a3",
              "parentUUID": "a265e974-2c77-412f-98f4-23f682cb9d26",
              "isHook": true,
              "skipped": false
            }
          ],
          "afterHooks": [
            {
              "title": "\"after all\" hook: codeceptjs.afterSuite in \"Cadastro de Aluno @Registration\"",
              "fullTitle": "Cadastro de Aluno @Registration \"after all\" hook: codeceptjs.afterSuite in \"Cadastro de Aluno @Registration\"",
              "timedOut": false,
              "duration": 0,
              "state": null,
              "speed": null,
              "pass": false,
              "fail": false,
              "pending": false,
              "context": null,
              "code": "scenario.suiteTeardown(suite)",
              "err": {},
              "uuid": "2fcc4a3a-612d-46a0-86a9-c19b936ff30e",
              "parentUUID": "a265e974-2c77-412f-98f4-23f682cb9d26",
              "isHook": true,
              "skipped": false
            },
            {
              "title": "\"after each\" hook: codeceptjs.after in \"Cadastro de Aluno @Registration\"",
              "fullTitle": "Cadastro de Aluno @Registration \"after each\" hook: codeceptjs.after in \"Cadastro de Aluno @Registration\"",
              "timedOut": false,
              "duration": 134,
              "state": null,
              "speed": null,
              "pass": false,
              "fail": false,
              "pending": false,
              "context": null,
              "code": "scenario.teardown(suite)",
              "err": {},
              "uuid": "d342b614-346b-470c-8829-37220b307b43",
              "parentUUID": "a265e974-2c77-412f-98f4-23f682cb9d26",
              "isHook": true,
              "skipped": false
            }
          ],
          "tests": [
            {
              "title": "Cadastro com sucesso @SuccessRegistration",
              "fullTitle": "Cadastro de Aluno @Registration Cadastro com sucesso @SuccessRegistration",
              "timedOut": false,
              "duration": 8343,
              "state": "failed",
              "speed": null,
              "pass": false,
              "fail": true,
              "pending": false,
              "context": null,
              "code": "runSteps(child.steps)",
              "err": {
                "message": "Error: Element \"//android.view.ViewGroup[@content-desc=\"06117\"]\" was not found by text|CSS|XPath",
                "estack": "Error: Element \"//android.view.ViewGroup[@content-desc=\"06117\"]\" was not found by text|CSS|XPath\n    at new ElementNotFound (node_modules/codeceptjs/lib/helper/errors/ElementNotFound.js:14:11)\n    at assertElementExists (node_modules/codeceptjs/lib/helper/WebDriver.js:2827:11)\n    at Appium.seeElement (node_modules/codeceptjs/lib/helper/WebDriver.js:1372:5)\n    at process.processTicksAndRejections (node:internal/process/task_queues:95:5)\n    at async Object.searchStudent (page_definitions/page_actions/RegisterAction.js:33:9)\n    at async /Users/fernandatmarques/qazando-automation/step_definitions/RegisterStudents.steps.js:29:2\n    at async runSteps (node_modules/codeceptjs/lib/interfaces/gherkin.js:62:9)",
                "diff": null
              },
              "uuid": "f960714e-5409-4d2d-b156-72f004e5126a",
              "parentUUID": "a265e974-2c77-412f-98f4-23f682cb9d26",
              "isHook": false,
              "skipped": false
            },
            {
              "title": "Cadastro deixando o código do aluno sem preencher @RegistrationError",
              "fullTitle": "Cadastro de Aluno @Registration Cadastro deixando o código do aluno sem preencher @RegistrationError",
              "timedOut": false,
              "duration": 5892,
              "state": "passed",
              "speed": "slow",
              "pass": true,
              "fail": false,
              "pending": false,
              "context": null,
              "code": "runSteps(child.steps)",
              "err": {},
              "uuid": "e8307004-f32a-492c-a6c1-b7c4669f6b3e",
              "parentUUID": "a265e974-2c77-412f-98f4-23f682cb9d26",
              "isHook": false,
              "skipped": false
            },
            {
              "title": "Cadastro o nome do aluno sem preencher @RegistrationError",
              "fullTitle": "Cadastro de Aluno @Registration Cadastro o nome do aluno sem preencher @RegistrationError",
              "timedOut": false,
              "duration": 5870,
              "state": "passed",
              "speed": "slow",
              "pass": true,
              "fail": false,
              "pending": false,
              "context": null,
              "code": "runSteps(child.steps)",
              "err": {},
              "uuid": "0fe5814a-a6b3-4c57-8478-b22939caa126",
              "parentUUID": "a265e974-2c77-412f-98f4-23f682cb9d26",
              "isHook": false,
              "skipped": false
            },
            {
              "title": "Cancelar o cadastro de um aluno @Cancel",
              "fullTitle": "Cadastro de Aluno @Registration Cancelar o cadastro de um aluno @Cancel",
              "timedOut": false,
              "duration": 4828,
              "state": "passed",
              "speed": "slow",
              "pass": true,
              "fail": false,
              "pending": false,
              "context": null,
              "code": "runSteps(child.steps)",
              "err": {},
              "uuid": "fde5aee6-976d-4e6e-bab1-f33f1b40771a",
              "parentUUID": "a265e974-2c77-412f-98f4-23f682cb9d26",
              "isHook": false,
              "skipped": false
            }
          ],
          "suites": [],
          "passes": [
            "e8307004-f32a-492c-a6c1-b7c4669f6b3e",
            "0fe5814a-a6b3-4c57-8478-b22939caa126",
            "fde5aee6-976d-4e6e-bab1-f33f1b40771a"
          ],
          "failures": [
            "f960714e-5409-4d2d-b156-72f004e5126a"
          ],
          "pending": [],
          "skipped": [],
          "duration": 24933,
          "root": false,
          "rootEmpty": false,
          "_timeout": 0
        }
      ],
      "passes": [],
      "failures": [],
      "pending": [],
      "skipped": [],
      "duration": 0,
      "root": true,
      "rootEmpty": true,
      "_timeout": 0
    }
  ],
  "meta": {
    "mocha": {
      "version": "10.0.0"
    },
    "mochawesome": {
      "options": {
        "quiet": false,
        "reportFilename": "mochawesome",
        "saveHtml": true,
        "saveJson": true,
        "consoleReporter": "spec",
        "useInlineDiffs": false,
        "code": true
      },
      "version": "7.1.3"
    },
    "marge": {
      "options": {},
      "version": "6.2.0"
    }
  }
}